Performing C SOURCE FILE Test CMAKE_HAVE_LIBC_PTHREAD failed with the following output:
Change Dir: /mnt/e/_Vladik/6-Mail_Technopark/3-ML-developer/3-C&C++_advanced/2-HW/1/VK-ML-2022-01/build/CMakeFiles/CMakeTmp

Run Build Command(s):/usr/bin/make cmTC_d3359/fast && /usr/bin/make -f CMakeFiles/cmTC_d3359.dir/build.make CMakeFiles/cmTC_d3359.dir/build
make[1]: Entering directory '/mnt/e/_Vladik/6-Mail_Technopark/3-ML-developer/3-C&C++_advanced/2-HW/1/VK-ML-2022-01/build/CMakeFiles/CMakeTmp'
Building C object CMakeFiles/cmTC_d3359.dir/src.c.o
/usr/bin/cc   -DCMAKE_HAVE_LIBC_PTHREAD   -o CMakeFiles/cmTC_d3359.dir/src.c.o   -c "/mnt/e/_Vladik/6-Mail_Technopark/3-ML-developer/3-C&C++_advanced/2-HW/1/VK-ML-2022-01/build/CMakeFiles/CMakeTmp/src.c"
Linking C executable cmTC_d3359
/usr/bin/cmake -E cmake_link_script CMakeFiles/cmTC_d3359.dir/link.txt --verbose=1
/usr/bin/cc  -DCMAKE_HAVE_LIBC_PTHREAD    -rdynamic CMakeFiles/cmTC_d3359.dir/src.c.o  -o cmTC_d3359 
/usr/bin/ld: CMakeFiles/cmTC_d3359.dir/src.c.o: in function `main':
src.c:(.text+0x46): undefined reference to `pthread_create'
/usr/bin/ld: src.c:(.text+0x52): undefined reference to `pthread_detach'
/usr/bin/ld: src.c:(.text+0x63): undefined reference to `pthread_join'
collect2: error: ld returned 1 exit status
make[1]: *** [CMakeFiles/cmTC_d3359.dir/build.make:87: cmTC_d3359] Error 1
make[1]: Leaving directory '/mnt/e/_Vladik/6-Mail_Technopark/3-ML-developer/3-C&C++_advanced/2-HW/1/VK-ML-2022-01/build/CMakeFiles/CMakeTmp'
make: *** [Makefile:121: cmTC_d3359/fast] Error 2


Source file was:
#include <pthread.h>

void* test_func(void* data)
{
  return data;
}

int main(void)
{
  pthread_t thread;
  pthread_create(&thread, NULL, test_func, NULL);
  pthread_detach(thread);
  pthread_join(thread, NULL);
  pthread_atfork(NULL, NULL, NULL);
  pthread_exit(NULL);

  return 0;
}

Determining if the function pthread_create exists in the pthreads failed with the following output:
Change Dir: /mnt/e/_Vladik/6-Mail_Technopark/3-ML-developer/3-C&C++_advanced/2-HW/1/VK-ML-2022-01/build/CMakeFiles/CMakeTmp

Run Build Command(s):/usr/bin/make cmTC_80a89/fast && /usr/bin/make -f CMakeFiles/cmTC_80a89.dir/build.make CMakeFiles/cmTC_80a89.dir/build
make[1]: Entering directory '/mnt/e/_Vladik/6-Mail_Technopark/3-ML-developer/3-C&C++_advanced/2-HW/1/VK-ML-2022-01/build/CMakeFiles/CMakeTmp'
Building C object CMakeFiles/cmTC_80a89.dir/CheckFunctionExists.c.o
/usr/bin/cc   -DCHECK_FUNCTION_EXISTS=pthread_create   -o CMakeFiles/cmTC_80a89.dir/CheckFunctionExists.c.o   -c /usr/share/cmake-3.16/Modules/CheckFunctionExists.c
Linking C executable cmTC_80a89
/usr/bin/cmake -E cmake_link_script CMakeFiles/cmTC_80a89.dir/link.txt --verbose=1
/usr/bin/cc  -DCHECK_FUNCTION_EXISTS=pthread_create    -rdynamic CMakeFiles/cmTC_80a89.dir/CheckFunctionExists.c.o  -o cmTC_80a89  -lpthreads 
/usr/bin/ld: cannot find -lpthreads
collect2: error: ld returned 1 exit status
make[1]: *** [CMakeFiles/cmTC_80a89.dir/build.make:87: cmTC_80a89] Error 1
make[1]: Leaving directory '/mnt/e/_Vladik/6-Mail_Technopark/3-ML-developer/3-C&C++_advanced/2-HW/1/VK-ML-2022-01/build/CMakeFiles/CMakeTmp'
make: *** [Makefile:121: cmTC_80a89/fast] Error 2



